# JRE version: OpenJDK Runtime Environment (8.0_242-b08) (build 1.8.0_242-8u242-b08-0ubuntu3~16.04-b08)
# Java VM: OpenJDK 64-Bit Server VM (25.242-b08 mixed mode linux-amd64 compressed oops)
Heap:
 PSYoungGen      total 34304K, used 2528K [0x000000076ab00000, 0x000000076cf00000, 0x00000007c0000000)
  eden space 31744K, 0% used [0x000000076ab00000,0x000000076ab00000,0x000000076ca00000)
  from space 2560K, 98% used [0x000000076ca00000,0x000000076cc78020,0x000000076cc80000)
  to   space 2560K, 0% used [0x000000076cc80000,0x000000076cc80000,0x000000076cf00000)
 ParOldGen       total 71168K, used 47923K [0x00000006c0000000, 0x00000006c4580000, 0x000000076ab00000)
  object space 71168K, 67% used [0x00000006c0000000,0x00000006c2eccfa0,0x00000006c4580000)
 Metaspace       used 9294K, capacity 9644K, committed 9984K, reserved 1058816K
  class space    used 1049K, capacity 1178K, committed 1280K, reserved 1048576K
GC Heap History (10 events):
Event: 4,086 GC heap after
Heap after GC invocations=1 (full 0):
 PSYoungGen      total 18432K, used 2555K [0x000000076ab00000, 0x000000076bf80000, 0x00000007c0000000)
  eden space 15872K, 0% used [0x000000076ab00000,0x000000076ab00000,0x000000076ba80000)
  from space 2560K, 99% used [0x000000076ba80000,0x000000076bcfeea8,0x000000076bd00000)
  to   space 2560K, 0% used [0x000000076bd00000,0x000000076bd00000,0x000000076bf80000)
 ParOldGen       total 42496K, used 881K [0x00000006c0000000, 0x00000006c2980000, 0x000000076ab00000)
  object space 42496K, 2% used [0x00000006c0000000,0x00000006c00dc528,0x00000006c2980000)
 Metaspace       used 8233K, capacity 8430K, committed 8448K, reserved 1056768K
  class space    used 930K, capacity 1013K, committed 1024K, reserved 1048576K
}
Event: 4,401 GC heap before
{Heap before GC invocations=2 (full 0):
 PSYoungGen      total 18432K, used 18427K [0x000000076ab00000, 0x000000076bf80000, 0x00000007c0000000)
  eden space 15872K, 100% used [0x000000076ab00000,0x000000076ba80000,0x000000076ba80000)
  from space 2560K, 99% used [0x000000076ba80000,0x000000076bcfeea8,0x000000076bd00000)
  to   space 2560K, 0% used [0x000000076bd00000,0x000000076bd00000,0x000000076bf80000)
 ParOldGen       total 42496K, used 881K [0x00000006c0000000, 0x00000006c2980000, 0x000000076ab00000)
  object space 42496K, 2% used [0x00000006c0000000,0x00000006c00dc528,0x00000006c2980000)
 Metaspace       used 9074K, capacity 9352K, committed 9600K, reserved 1058816K
  class space    used 1024K, capacity 1124K, committed 1152K, reserved 1048576K
Event: 4,419 GC heap after
Heap after GC invocations=2 (full 0):
 PSYoungGen      total 18432K, used 2531K [0x000000076ab00000, 0x000000076cf00000, 0x00000007c0000000)
  eden space 15872K, 0% used [0x000000076ab00000,0x000000076ab00000,0x000000076ba80000)
  from space 2560K, 98% used [0x000000076bd00000,0x000000076bf78cb8,0x000000076bf80000)
  to   space 2560K, 0% used [0x000000076ba80000,0x000000076ba80000,0x000000076bd00000)
 ParOldGen       total 42496K, used 9318K [0x00000006c0000000, 0x00000006c2980000, 0x000000076ab00000)
  object space 42496K, 21% used [0x00000006c0000000,0x00000006c0919af0,0x00000006c2980000)
 Metaspace       used 9074K, capacity 9352K, committed 9600K, reserved 1058816K
  class space    used 1024K, capacity 1124K, committed 1152K, reserved 1048576K
}
Event: 4,483 GC heap before
{Heap before GC invocations=3 (full 0):
 PSYoungGen      total 18432K, used 18403K [0x000000076ab00000, 0x000000076cf00000, 0x00000007c0000000)
  eden space 15872K, 100% used [0x000000076ab00000,0x000000076ba80000,0x000000076ba80000)
  from space 2560K, 98% used [0x000000076bd00000,0x000000076bf78cb8,0x000000076bf80000)
  to   space 2560K, 0% used [0x000000076ba80000,0x000000076ba80000,0x000000076bd00000)
 ParOldGen       total 42496K, used 9318K [0x00000006c0000000, 0x00000006c2980000, 0x000000076ab00000)
  object space 42496K, 21% used [0x00000006c0000000,0x00000006c0919af0,0x00000006c2980000)
 Metaspace       used 9074K, capacity 9352K, committed 9600K, reserved 1058816K
  class space    used 1024K, capacity 1124K, committed 1152K, reserved 1048576K
Event: 4,526 GC heap after
Heap after GC invocations=3 (full 0):
 PSYoungGen      total 18432K, used 2531K [0x000000076ab00000, 0x000000076cf00000, 0x00000007c0000000)
  eden space 15872K, 0% used [0x000000076ab00000,0x000000076ab00000,0x000000076ba80000)
  from space 2560K, 98% used [0x000000076ba80000,0x000000076bcf8cd8,0x000000076bd00000)
  to   space 2560K, 0% used [0x000000076cc80000,0x000000076cc80000,0x000000076cf00000)
 ParOldGen       total 42496K, used 20430K [0x00000006c0000000, 0x00000006c2980000, 0x000000076ab00000)
  object space 42496K, 48% used [0x00000006c0000000,0x00000006c13f3af0,0x00000006c2980000)
 Metaspace       used 9074K, capacity 9352K, committed 9600K, reserved 1058816K
  class space    used 1024K, capacity 1124K, committed 1152K, reserved 1048576K
}
Event: 4,660 GC heap before
{Heap before GC invocations=4 (full 0):
 PSYoungGen      total 18432K, used 18403K [0x000000076ab00000, 0x000000076cf00000, 0x00000007c0000000)
  eden space 15872K, 100% used [0x000000076ab00000,0x000000076ba80000,0x000000076ba80000)
  from space 2560K, 98% used [0x000000076ba80000,0x000000076bcf8cd8,0x000000076bd00000)
  to   space 2560K, 0% used [0x000000076cc80000,0x000000076cc80000,0x000000076cf00000)
 ParOldGen       total 42496K, used 20430K [0x00000006c0000000, 0x00000006c2980000, 0x000000076ab00000)
  object space 42496K, 48% used [0x00000006c0000000,0x00000006c13f3af0,0x00000006c2980000)
 Metaspace       used 9286K, capacity 9644K, committed 9984K, reserved 1058816K
  class space    used 1049K, capacity 1178K, committed 1280K, reserved 1048576K
Event: 4,686 GC heap after
Heap after GC invocations=4 (full 0):
 PSYoungGen      total 34304K, used 2539K [0x000000076ab00000, 0x000000076cf00000, 0x00000007c0000000)
  eden space 31744K, 0% used [0x000000076ab00000,0x000000076ab00000,0x000000076ca00000)
  from space 2560K, 99% used [0x000000076cc80000,0x000000076ceface8,0x000000076cf00000)
  to   space 2560K, 0% used [0x000000076ca00000,0x000000076ca00000,0x000000076cc80000)
 ParOldGen       total 42496K, used 34928K [0x00000006c0000000, 0x00000006c2980000, 0x000000076ab00000)
  object space 42496K, 82% used [0x00000006c0000000,0x00000006c221c0f0,0x00000006c2980000)
 Metaspace       used 9286K, capacity 9644K, committed 9984K, reserved 1058816K
  class space    used 1049K, capacity 1178K, committed 1280K, reserved 1048576K
}
Event: 4,686 GC heap before
{Heap before GC invocations=5 (full 1):
 PSYoungGen      total 34304K, used 2539K [0x000000076ab00000, 0x000000076cf00000, 0x00000007c0000000)
  eden space 31744K, 0% used [0x000000076ab00000,0x000000076ab00000,0x000000076ca00000)
  from space 2560K, 99% used [0x000000076cc80000,0x000000076ceface8,0x000000076cf00000)
  to   space 2560K, 0% used [0x000000076ca00000,0x000000076ca00000,0x000000076cc80000)
 ParOldGen       total 42496K, used 34928K [0x00000006c0000000, 0x00000006c2980000, 0x000000076ab00000)
  object space 42496K, 82% used [0x00000006c0000000,0x00000006c221c0f0,0x00000006c2980000)
 Metaspace       used 9286K, capacity 9644K, committed 9984K, reserved 1058816K
  class space    used 1049K, capacity 1178K, committed 1280K, reserved 1048576K
Event: 4,936 GC heap after
Heap after GC invocations=5 (full 1):
 PSYoungGen      total 34304K, used 0K [0x000000076ab00000, 0x000000076cf00000, 0x00000007c0000000)
  eden space 31744K, 0% used [0x000000076ab00000,0x000000076ab00000,0x000000076ca00000)
  from space 2560K, 0% used [0x000000076cc80000,0x000000076cc80000,0x000000076cf00000)
  to   space 2560K, 0% used [0x000000076ca00000,0x000000076ca00000,0x000000076cc80000)
 ParOldGen       total 71168K, used 31963K [0x00000006c0000000, 0x00000006c4580000, 0x000000076ab00000)
  object space 71168K, 44% used [0x00000006c0000000,0x00000006c1f36f90,0x00000006c4580000)
 Metaspace       used 9286K, capacity 9644K, committed 9984K, reserved 1058816K
  class space    used 1049K, capacity 1178K, committed 1280K, reserved 1048576K
}
Event: 5,034 GC heap before
{Heap before GC invocations=6 (full 1):
 PSYoungGen      total 34304K, used 31744K [0x000000076ab00000, 0x000000076cf00000, 0x00000007c0000000)
  eden space 31744K, 100% used [0x000000076ab00000,0x000000076ca00000,0x000000076ca00000)
  from space 2560K, 0% used [0x000000076cc80000,0x000000076cc80000,0x000000076cf00000)
  to   space 2560K, 0% used [0x000000076ca00000,0x000000076ca00000,0x000000076cc80000)
 ParOldGen       total 71168K, used 31963K [0x00000006c0000000, 0x00000006c4580000, 0x000000076ab00000)
  object space 71168K, 44% used [0x00000006c0000000,0x00000006c1f36f90,0x00000006c4580000)
 Metaspace       used 9294K, capacity 9644K, committed 9984K, reserved 1058816K
  class space    used 1049K, capacity 1178K, committed 1280K, reserved 1048576K

