# JRE version: OpenJDK Runtime Environment (8.0_242-b08) (build 1.8.0_242-8u242-b08-0ubuntu3~16.04-b08)
# Java VM: OpenJDK 64-Bit Server VM (25.242-b08 mixed mode linux-amd64 compressed oops)
Heap:
 PSYoungGen      total 34304K, used 2528K [0x000000076ab00000, 0x000000076cf00000, 0x00000007c0000000)
  eden space 31744K, 0% used [0x000000076ab00000,0x000000076ab00000,0x000000076ca00000)
  from space 2560K, 98% used [0x000000076ca00000,0x000000076cc78020,0x000000076cc80000)
  to   space 2560K, 0% used [0x000000076cc80000,0x000000076cc80000,0x000000076cf00000)
 ParOldGen       total 72704K, used 48690K [0x00000006c0000000, 0x00000006c4700000, 0x000000076ab00000)
  object space 72704K, 66% used [0x00000006c0000000,0x00000006c2f8cb98,0x00000006c4700000)
 Metaspace       used 9305K, capacity 9644K, committed 9984K, reserved 1058816K
  class space    used 1049K, capacity 1178K, committed 1280K, reserved 1048576K
GC Heap History (10 events):
Event: 5,801 GC heap after
Heap after GC invocations=1 (full 0):
 PSYoungGen      total 18432K, used 2555K [0x000000076ab00000, 0x000000076bf80000, 0x00000007c0000000)
  eden space 15872K, 0% used [0x000000076ab00000,0x000000076ab00000,0x000000076ba80000)
  from space 2560K, 99% used [0x000000076ba80000,0x000000076bcfed30,0x000000076bd00000)
  to   space 2560K, 0% used [0x000000076bd00000,0x000000076bd00000,0x000000076bf80000)
 ParOldGen       total 42496K, used 905K [0x00000006c0000000, 0x00000006c2980000, 0x000000076ab00000)
  object space 42496K, 2% used [0x00000006c0000000,0x00000006c00e2448,0x00000006c2980000)
 Metaspace       used 8244K, capacity 8430K, committed 8448K, reserved 1056768K
  class space    used 930K, capacity 1013K, committed 1024K, reserved 1048576K
}
Event: 6,162 GC heap before
{Heap before GC invocations=2 (full 0):
 PSYoungGen      total 18432K, used 18427K [0x000000076ab00000, 0x000000076bf80000, 0x00000007c0000000)
  eden space 15872K, 100% used [0x000000076ab00000,0x000000076ba80000,0x000000076ba80000)
  from space 2560K, 99% used [0x000000076ba80000,0x000000076bcfed30,0x000000076bd00000)
  to   space 2560K, 0% used [0x000000076bd00000,0x000000076bd00000,0x000000076bf80000)
 ParOldGen       total 42496K, used 905K [0x00000006c0000000, 0x00000006c2980000, 0x000000076ab00000)
  object space 42496K, 2% used [0x00000006c0000000,0x00000006c00e2448,0x00000006c2980000)
 Metaspace       used 9089K, capacity 9352K, committed 9600K, reserved 1058816K
  class space    used 1024K, capacity 1124K, committed 1152K, reserved 1048576K
Event: 6,187 GC heap after
Heap after GC invocations=2 (full 0):
 PSYoungGen      total 18432K, used 2547K [0x000000076ab00000, 0x000000076cf00000, 0x00000007c0000000)
  eden space 15872K, 0% used [0x000000076ab00000,0x000000076ab00000,0x000000076ba80000)
  from space 2560K, 99% used [0x000000076bd00000,0x000000076bf7ccc8,0x000000076bf80000)
  to   space 2560K, 0% used [0x000000076ba80000,0x000000076ba80000,0x000000076bd00000)
 ParOldGen       total 42496K, used 9568K [0x00000006c0000000, 0x00000006c2980000, 0x000000076ab00000)
  object space 42496K, 22% used [0x00000006c0000000,0x00000006c09580f8,0x00000006c2980000)
 Metaspace       used 9089K, capacity 9352K, committed 9600K, reserved 1058816K
  class space    used 1024K, capacity 1124K, committed 1152K, reserved 1048576K
}
Event: 6,243 GC heap before
{Heap before GC invocations=3 (full 0):
 PSYoungGen      total 18432K, used 18419K [0x000000076ab00000, 0x000000076cf00000, 0x00000007c0000000)
  eden space 15872K, 100% used [0x000000076ab00000,0x000000076ba80000,0x000000076ba80000)
  from space 2560K, 99% used [0x000000076bd00000,0x000000076bf7ccc8,0x000000076bf80000)
  to   space 2560K, 0% used [0x000000076ba80000,0x000000076ba80000,0x000000076bd00000)
 ParOldGen       total 42496K, used 9568K [0x00000006c0000000, 0x00000006c2980000, 0x000000076ab00000)
  object space 42496K, 22% used [0x00000006c0000000,0x00000006c09580f8,0x00000006c2980000)
 Metaspace       used 9089K, capacity 9352K, committed 9600K, reserved 1058816K
  class space    used 1024K, capacity 1124K, committed 1152K, reserved 1048576K
Event: 6,265 GC heap after
Heap after GC invocations=3 (full 0):
 PSYoungGen      total 18432K, used 2547K [0x000000076ab00000, 0x000000076cf00000, 0x00000007c0000000)
  eden space 15872K, 0% used [0x000000076ab00000,0x000000076ab00000,0x000000076ba80000)
  from space 2560K, 99% used [0x000000076ba80000,0x000000076bcfccc8,0x000000076bd00000)
  to   space 2560K, 0% used [0x000000076cc80000,0x000000076cc80000,0x000000076cf00000)
 ParOldGen       total 42496K, used 21536K [0x00000006c0000000, 0x00000006c2980000, 0x000000076ab00000)
  object space 42496K, 50% used [0x00000006c0000000,0x00000006c15080f8,0x00000006c2980000)
 Metaspace       used 9089K, capacity 9352K, committed 9600K, reserved 1058816K
  class space    used 1024K, capacity 1124K, committed 1152K, reserved 1048576K
}
Event: 6,402 GC heap before
{Heap before GC invocations=4 (full 0):
 PSYoungGen      total 18432K, used 18419K [0x000000076ab00000, 0x000000076cf00000, 0x00000007c0000000)
  eden space 15872K, 100% used [0x000000076ab00000,0x000000076ba80000,0x000000076ba80000)
  from space 2560K, 99% used [0x000000076ba80000,0x000000076bcfccc8,0x000000076bd00000)
  to   space 2560K, 0% used [0x000000076cc80000,0x000000076cc80000,0x000000076cf00000)
 ParOldGen       total 42496K, used 21536K [0x00000006c0000000, 0x00000006c2980000, 0x000000076ab00000)
  object space 42496K, 50% used [0x00000006c0000000,0x00000006c15080f8,0x00000006c2980000)
 Metaspace       used 9305K, capacity 9644K, committed 9984K, reserved 1058816K
  class space    used 1049K, capacity 1178K, committed 1280K, reserved 1048576K
Event: 6,422 GC heap after
Heap after GC invocations=4 (full 0):
 PSYoungGen      total 34304K, used 2555K [0x000000076ab00000, 0x000000076cf00000, 0x00000007c0000000)
  eden space 31744K, 0% used [0x000000076ab00000,0x000000076ab00000,0x000000076ca00000)
  from space 2560K, 99% used [0x000000076cc80000,0x000000076cefecc8,0x000000076cf00000)
  to   space 2560K, 0% used [0x000000076ca00000,0x000000076ca00000,0x000000076cc80000)
 ParOldGen       total 42496K, used 35733K [0x00000006c0000000, 0x00000006c2980000, 0x000000076ab00000)
  object space 42496K, 84% used [0x00000006c0000000,0x00000006c22e5718,0x00000006c2980000)
 Metaspace       used 9305K, capacity 9644K, committed 9984K, reserved 1058816K
  class space    used 1049K, capacity 1178K, committed 1280K, reserved 1048576K
}
Event: 6,422 GC heap before
{Heap before GC invocations=5 (full 1):
 PSYoungGen      total 34304K, used 2555K [0x000000076ab00000, 0x000000076cf00000, 0x00000007c0000000)
  eden space 31744K, 0% used [0x000000076ab00000,0x000000076ab00000,0x000000076ca00000)
  from space 2560K, 99% used [0x000000076cc80000,0x000000076cefecc8,0x000000076cf00000)
  to   space 2560K, 0% used [0x000000076ca00000,0x000000076ca00000,0x000000076cc80000)
 ParOldGen       total 42496K, used 35733K [0x00000006c0000000, 0x00000006c2980000, 0x000000076ab00000)
  object space 42496K, 84% used [0x00000006c0000000,0x00000006c22e5718,0x00000006c2980000)
 Metaspace       used 9305K, capacity 9644K, committed 9984K, reserved 1058816K
  class space    used 1049K, capacity 1178K, committed 1280K, reserved 1048576K
Event: 6,723 GC heap after
Heap after GC invocations=5 (full 1):
 PSYoungGen      total 34304K, used 0K [0x000000076ab00000, 0x000000076cf00000, 0x00000007c0000000)
  eden space 31744K, 0% used [0x000000076ab00000,0x000000076ab00000,0x000000076ca00000)
  from space 2560K, 0% used [0x000000076cc80000,0x000000076cc80000,0x000000076cf00000)
  to   space 2560K, 0% used [0x000000076ca00000,0x000000076ca00000,0x000000076cc80000)
 ParOldGen       total 72704K, used 32738K [0x00000006c0000000, 0x00000006c4700000, 0x000000076ab00000)
  object space 72704K, 45% used [0x00000006c0000000,0x00000006c1ff8b88,0x00000006c4700000)
 Metaspace       used 9305K, capacity 9644K, committed 9984K, reserved 1058816K
  class space    used 1049K, capacity 1178K, committed 1280K, reserved 1048576K
}
Event: 6,819 GC heap before
{Heap before GC invocations=6 (full 1):
 PSYoungGen      total 34304K, used 31744K [0x000000076ab00000, 0x000000076cf00000, 0x00000007c0000000)
  eden space 31744K, 100% used [0x000000076ab00000,0x000000076ca00000,0x000000076ca00000)
  from space 2560K, 0% used [0x000000076cc80000,0x000000076cc80000,0x000000076cf00000)
  to   space 2560K, 0% used [0x000000076ca00000,0x000000076ca00000,0x000000076cc80000)
 ParOldGen       total 72704K, used 32738K [0x00000006c0000000, 0x00000006c4700000, 0x000000076ab00000)
  object space 72704K, 45% used [0x00000006c0000000,0x00000006c1ff8b88,0x00000006c4700000)
 Metaspace       used 9305K, capacity 9644K, committed 9984K, reserved 1058816K
  class space    used 1049K, capacity 1178K, committed 1280K, reserved 1048576K

