# JRE version: OpenJDK Runtime Environment (8.0_242-b08) (build 1.8.0_242-8u242-b08-0ubuntu3~16.04-b08)
# Java VM: OpenJDK 64-Bit Server VM (25.242-b08 mixed mode linux-amd64 compressed oops)
Heap:
 PSYoungGen      total 358400K, used 249839K [0x000000076ab00000, 0x0000000791700000, 0x00000007c0000000)
  eden space 108544K, 0% used [0x000000076ab00000,0x000000076ab00000,0x0000000771500000)
  from space 249856K, 99% used [0x0000000782300000,0x00000007916fbcc0,0x0000000791700000)
  to   space 189440K, 0% used [0x0000000771500000,0x0000000771500000,0x000000077ce00000)
 ParOldGen       total 658944K, used 501307K [0x00000006c0000000, 0x00000006e8380000, 0x000000076ab00000)
  object space 658944K, 76% used [0x00000006c0000000,0x00000006de98ee30,0x00000006e8380000)
 Metaspace       used 10286K, capacity 10552K, committed 10752K, reserved 1058816K
  class space    used 1126K, capacity 1244K, committed 1280K, reserved 1048576K
GC Heap History (10 events):
Event: 23,618 GC heap after
Heap after GC invocations=23 (full 4):
 PSYoungGen      total 227840K, used 112126K [0x000000076ab00000, 0x0000000786580000, 0x00000007c0000000)
  eden space 115712K, 0% used [0x000000076ab00000,0x000000076ab00000,0x0000000771c00000)
  from space 112128K, 99% used [0x0000000771c00000,0x000000077897f808,0x0000000778980000)
  to   space 155136K, 0% used [0x000000077ce00000,0x000000077ce00000,0x0000000786580000)
 ParOldGen       total 358400K, used 305125K [0x00000006c0000000, 0x00000006d5e00000, 0x000000076ab00000)
  object space 358400K, 85% used [0x00000006c0000000,0x00000006d29f95f0,0x00000006d5e00000)
 Metaspace       used 10286K, capacity 10552K, committed 10752K, reserved 1058816K
  class space    used 1126K, capacity 1244K, committed 1280K, reserved 1048576K
}
Event: 23,618 GC heap before
{Heap before GC invocations=24 (full 5):
 PSYoungGen      total 227840K, used 112126K [0x000000076ab00000, 0x0000000786580000, 0x00000007c0000000)
  eden space 115712K, 0% used [0x000000076ab00000,0x000000076ab00000,0x0000000771c00000)
  from space 112128K, 99% used [0x0000000771c00000,0x000000077897f808,0x0000000778980000)
  to   space 155136K, 0% used [0x000000077ce00000,0x000000077ce00000,0x0000000786580000)
 ParOldGen       total 358400K, used 305125K [0x00000006c0000000, 0x00000006d5e00000, 0x000000076ab00000)
  object space 358400K, 85% used [0x00000006c0000000,0x00000006d29f95f0,0x00000006d5e00000)
 Metaspace       used 10286K, capacity 10552K, committed 10752K, reserved 1058816K
  class space    used 1126K, capacity 1244K, committed 1280K, reserved 1048576K
Event: 25,192 GC heap after
Heap after GC invocations=24 (full 5):
 PSYoungGen      total 227840K, used 56882K [0x000000076ab00000, 0x0000000786580000, 0x00000007c0000000)
  eden space 115712K, 0% used [0x000000076ab00000,0x000000076ab00000,0x0000000771c00000)
  from space 112128K, 50% used [0x0000000771c00000,0x000000077538ca40,0x0000000778980000)
  to   space 155136K, 0% used [0x000000077ce00000,0x000000077ce00000,0x0000000786580000)
 ParOldGen       total 499200K, used 357900K [0x00000006c0000000, 0x00000006de780000, 0x000000076ab00000)
  object space 499200K, 71% used [0x00000006c0000000,0x00000006d5d833c8,0x00000006de780000)
 Metaspace       used 10286K, capacity 10552K, committed 10752K, reserved 1058816K
  class space    used 1126K, capacity 1244K, committed 1280K, reserved 1048576K
}
Event: 25,219 GC heap before
{Heap before GC invocations=25 (full 5):
 PSYoungGen      total 227840K, used 172594K [0x000000076ab00000, 0x0000000786580000, 0x00000007c0000000)
  eden space 115712K, 100% used [0x000000076ab00000,0x0000000771c00000,0x0000000771c00000)
  from space 112128K, 50% used [0x0000000771c00000,0x000000077538ca40,0x0000000778980000)
  to   space 155136K, 0% used [0x000000077ce00000,0x000000077ce00000,0x0000000786580000)
 ParOldGen       total 499200K, used 357900K [0x00000006c0000000, 0x00000006de780000, 0x000000076ab00000)
  object space 499200K, 71% used [0x00000006c0000000,0x00000006d5d833c8,0x00000006de780000)
 Metaspace       used 10286K, capacity 10552K, committed 10752K, reserved 1058816K
  class space    used 1126K, capacity 1244K, committed 1280K, reserved 1048576K
Event: 35,032 GC heap after
Heap after GC invocations=25 (full 5):
 PSYoungGen      total 263680K, used 155127K [0x000000076ab00000, 0x000000078a800000, 0x00000007c0000000)
  eden space 108544K, 0% used [0x000000076ab00000,0x000000076ab00000,0x0000000771500000)
  from space 155136K, 99% used [0x000000077ce00000,0x000000078657de60,0x0000000786580000)
  to   space 189440K, 0% used [0x0000000771500000,0x0000000771500000,0x000000077ce00000)
 ParOldGen       total 499200K, used 378339K [0x00000006c0000000, 0x00000006de780000, 0x000000076ab00000)
  object space 499200K, 75% used [0x00000006c0000000,0x00000006d7178f88,0x00000006de780000)
 Metaspace       used 10286K, capacity 10552K, committed 10752K, reserved 1058816K
  class space    used 1126K, capacity 1244K, committed 1280K, reserved 1048576K
}
Event: 35,379 GC heap before
{Heap before GC invocations=26 (full 5):
 PSYoungGen      total 263680K, used 263671K [0x000000076ab00000, 0x000000078a800000, 0x00000007c0000000)
  eden space 108544K, 100% used [0x000000076ab00000,0x0000000771500000,0x0000000771500000)
  from space 155136K, 99% used [0x000000077ce00000,0x000000078657de60,0x0000000786580000)
  to   space 189440K, 0% used [0x0000000771500000,0x0000000771500000,0x000000077ce00000)
 ParOldGen       total 499200K, used 378339K [0x00000006c0000000, 0x00000006de780000, 0x000000076ab00000)
  object space 499200K, 75% used [0x00000006c0000000,0x00000006d7178f88,0x00000006de780000)
 Metaspace       used 10286K, capacity 10552K, committed 10752K, reserved 1058816K
  class space    used 1126K, capacity 1244K, committed 1280K, reserved 1048576K
Event: 36,935 GC heap after
Heap after GC invocations=26 (full 5):
 PSYoungGen      total 297984K, used 189423K [0x000000076ab00000, 0x0000000791700000, 0x00000007c0000000)
  eden space 108544K, 0% used [0x000000076ab00000,0x000000076ab00000,0x0000000771500000)
  from space 189440K, 99% used [0x0000000771500000,0x000000077cdfbcc0,0x000000077ce00000)
  to   space 249856K, 0% used [0x0000000782300000,0x0000000782300000,0x0000000791700000)
 ParOldGen       total 499200K, used 452069K [0x00000006c0000000, 0x00000006de780000, 0x000000076ab00000)
  object space 499200K, 90% used [0x00000006c0000000,0x00000006db979588,0x00000006de780000)
 Metaspace       used 10286K, capacity 10552K, committed 10752K, reserved 1058816K
  class space    used 1126K, capacity 1244K, committed 1280K, reserved 1048576K
}
Event: 36,935 GC heap before
{Heap before GC invocations=27 (full 6):
 PSYoungGen      total 297984K, used 189423K [0x000000076ab00000, 0x0000000791700000, 0x00000007c0000000)
  eden space 108544K, 0% used [0x000000076ab00000,0x000000076ab00000,0x0000000771500000)
  from space 189440K, 99% used [0x0000000771500000,0x000000077cdfbcc0,0x000000077ce00000)
  to   space 249856K, 0% used [0x0000000782300000,0x0000000782300000,0x0000000791700000)
 ParOldGen       total 499200K, used 452069K [0x00000006c0000000, 0x00000006de780000, 0x000000076ab00000)
  object space 499200K, 90% used [0x00000006c0000000,0x00000006db979588,0x00000006de780000)
 Metaspace       used 10286K, capacity 10552K, committed 10752K, reserved 1058816K
  class space    used 1126K, capacity 1244K, committed 1280K, reserved 1048576K
Event: 39,057 GC heap after
Heap after GC invocations=27 (full 6):
 PSYoungGen      total 297984K, used 138353K [0x000000076ab00000, 0x0000000791700000, 0x00000007c0000000)
  eden space 108544K, 0% used [0x000000076ab00000,0x000000076ab00000,0x0000000771500000)
  from space 189440K, 73% used [0x0000000771500000,0x0000000779c1c618,0x000000077ce00000)
  to   space 249856K, 0% used [0x0000000782300000,0x0000000782300000,0x0000000791700000)
 ParOldGen       total 658944K, used 498880K [0x00000006c0000000, 0x00000006e8380000, 0x000000076ab00000)
  object space 658944K, 75% used [0x00000006c0000000,0x00000006de730350,0x00000006e8380000)
 Metaspace       used 10286K, capacity 10552K, committed 10752K, reserved 1058816K
  class space    used 1126K, capacity 1244K, committed 1280K, reserved 1048576K
}
Event: 39,081 GC heap before
{Heap before GC invocations=28 (full 6):
 PSYoungGen      total 297984K, used 246897K [0x000000076ab00000, 0x0000000791700000, 0x00000007c0000000)
  eden space 108544K, 100% used [0x000000076ab00000,0x0000000771500000,0x0000000771500000)
  from space 189440K, 73% used [0x0000000771500000,0x0000000779c1c618,0x000000077ce00000)
  to   space 249856K, 0% used [0x0000000782300000,0x0000000782300000,0x0000000791700000)
 ParOldGen       total 658944K, used 498880K [0x00000006c0000000, 0x00000006e8380000, 0x000000076ab00000)
  object space 658944K, 75% used [0x00000006c0000000,0x00000006de730350,0x00000006e8380000)
 Metaspace       used 10286K, capacity 10552K, committed 10752K, reserved 1058816K
  class space    used 1126K, capacity 1244K, committed 1280K, reserved 1048576K

